{"/Users/faraz/Desktop/My Code Smith Files/1 Code/Coding Challenges/ASimpleNodeAPI/__test__/testDBConfig.js": {"path":"/Users/faraz/Desktop/My Code Smith Files/1 Code/Coding Challenges/ASimpleNodeAPI/__test__/testDBConfig.js","statementMap":{"0":{"start":{"line":1,"column":17},"end":{"line":1,"column":36}},"1":{"start":{"line":3,"column":0},"end":{"line":16,"column":2}},"2":{"start":{"line":6,"column":4},"end":{"line":6,"column":31}},"3":{"start":{"line":7,"column":4},"end":{"line":11,"column":7}},"4":{"start":{"line":14,"column":4},"end":{"line":14,"column":36}}},"fnMap":{"0":{"name":"(anonymous_0)","decl":{"start":{"line":5,"column":11},"end":{"line":5,"column":12}},"loc":{"start":{"line":5,"column":23},"end":{"line":12,"column":3}},"line":5},"1":{"name":"(anonymous_1)","decl":{"start":{"line":13,"column":14},"end":{"line":13,"column":15}},"loc":{"start":{"line":13,"column":30},"end":{"line":15,"column":3}},"line":13}},"branchMap":{},"s":{"0":1,"1":1,"2":1,"3":1,"4":1},"f":{"0":1,"1":1},"b":{},"_coverageSchema":"1a1c01bbd47fc00a2c39e90264f33305004495a9","hash":"683890b536df0d4fa6733ae8f68fce37e3eda5a3"}
,"/Users/faraz/Desktop/My Code Smith Files/1 Code/Coding Challenges/ASimpleNodeAPI/src/app.js": {"path":"/Users/faraz/Desktop/My Code Smith Files/1 Code/Coding Challenges/ASimpleNodeAPI/src/app.js","statementMap":{"0":{"start":{"line":3,"column":16},"end":{"line":3,"column":34}},"1":{"start":{"line":4,"column":15},"end":{"line":4,"column":32}},"2":{"start":{"line":5,"column":0},"end":{"line":5,"column":27}},"3":{"start":{"line":6,"column":21},"end":{"line":6,"column":58}},"4":{"start":{"line":8,"column":12},"end":{"line":8,"column":21}},"5":{"start":{"line":9,"column":0},"end":{"line":9,"column":18}},"6":{"start":{"line":11,"column":0},"end":{"line":11,"column":24}},"7":{"start":{"line":12,"column":0},"end":{"line":12,"column":49}},"8":{"start":{"line":15,"column":0},"end":{"line":15,"column":39}},"9":{"start":{"line":24,"column":0},"end":{"line":30,"column":3}},"10":{"start":{"line":25,"column":2},"end":{"line":29,"column":6}},"11":{"start":{"line":33,"column":0},"end":{"line":40,"column":3}},"12":{"start":{"line":34,"column":2},"end":{"line":34,"column":27}},"13":{"start":{"line":35,"column":2},"end":{"line":39,"column":5}},"14":{"start":{"line":42,"column":0},"end":{"line":42,"column":21}}},"fnMap":{"0":{"name":"(anonymous_0)","decl":{"start":{"line":24,"column":8},"end":{"line":24,"column":9}},"loc":{"start":{"line":24,"column":28},"end":{"line":30,"column":1}},"line":24},"1":{"name":"(anonymous_1)","decl":{"start":{"line":33,"column":8},"end":{"line":33,"column":9}},"loc":{"start":{"line":33,"column":33},"end":{"line":40,"column":1}},"line":33}},"branchMap":{},"s":{"0":1,"1":1,"2":1,"3":1,"4":1,"5":1,"6":1,"7":1,"8":1,"9":1,"10":0,"11":1,"12":0,"13":0,"14":1},"f":{"0":0,"1":0},"b":{},"_coverageSchema":"1a1c01bbd47fc00a2c39e90264f33305004495a9","hash":"ab5570a8194b54ed417838105c210e7955d9102c"}
,"/Users/faraz/Desktop/My Code Smith Files/1 Code/Coding Challenges/ASimpleNodeAPI/src/Controller/creditorDataController.js": {"path":"/Users/faraz/Desktop/My Code Smith Files/1 Code/Coding Challenges/ASimpleNodeAPI/src/Controller/creditorDataController.js","statementMap":{"0":{"start":{"line":1,"column":12},"end":{"line":1,"column":26}},"1":{"start":{"line":2,"column":21},"end":{"line":2,"column":58}},"2":{"start":{"line":3,"column":30},"end":{"line":3,"column":84}},"3":{"start":{"line":4,"column":35},"end":{"line":4,"column":94}},"4":{"start":{"line":6,"column":12},"end":{"line":6,"column":21}},"5":{"start":{"line":7,"column":28},"end":{"line":7,"column":62}},"6":{"start":{"line":8,"column":33},"end":{"line":8,"column":72}},"7":{"start":{"line":10,"column":27},"end":{"line":18,"column":1}},"8":{"start":{"line":11,"column":2},"end":{"line":17,"column":3}},"9":{"start":{"line":12,"column":28},"end":{"line":12,"column":53}},"10":{"start":{"line":13,"column":4},"end":{"line":13,"column":46}},"11":{"start":{"line":14,"column":4},"end":{"line":14,"column":11}},"12":{"start":{"line":16,"column":4},"end":{"line":16,"column":16}},"13":{"start":{"line":20,"column":30},"end":{"line":29,"column":1}},"14":{"start":{"line":21,"column":2},"end":{"line":28,"column":3}},"15":{"start":{"line":22,"column":29},"end":{"line":22,"column":39}},"16":{"start":{"line":23,"column":28},"end":{"line":23,"column":69}},"17":{"start":{"line":24,"column":4},"end":{"line":24,"column":46}},"18":{"start":{"line":25,"column":4},"end":{"line":25,"column":11}},"19":{"start":{"line":27,"column":4},"end":{"line":27,"column":16}},"20":{"start":{"line":31,"column":21},"end":{"line":47,"column":1}},"21":{"start":{"line":32,"column":2},"end":{"line":38,"column":3}},"22":{"start":{"line":33,"column":18},"end":{"line":33,"column":47}},"23":{"start":{"line":34,"column":4},"end":{"line":37,"column":5}},"24":{"start":{"line":34,"column":15},"end":{"line":34,"column":22}},"25":{"start":{"line":36,"column":6},"end":{"line":36,"column":55}},"26":{"start":{"line":40,"column":2},"end":{"line":46,"column":3}},"27":{"start":{"line":41,"column":18},"end":{"line":41,"column":52}},"28":{"start":{"line":42,"column":4},"end":{"line":45,"column":5}},"29":{"start":{"line":42,"column":15},"end":{"line":42,"column":22}},"30":{"start":{"line":44,"column":6},"end":{"line":44,"column":60}},"31":{"start":{"line":49,"column":35},"end":{"line":70,"column":1}},"32":{"start":{"line":50,"column":2},"end":{"line":69,"column":3}},"33":{"start":{"line":52,"column":6},"end":{"line":52,"column":14}},"34":{"start":{"line":53,"column":18},"end":{"line":53,"column":53}},"35":{"start":{"line":54,"column":15},"end":{"line":54,"column":24}},"36":{"start":{"line":56,"column":19},"end":{"line":63,"column":6}},"37":{"start":{"line":65,"column":4},"end":{"line":65,"column":39}},"38":{"start":{"line":66,"column":4},"end":{"line":66,"column":11}},"39":{"start":{"line":68,"column":4},"end":{"line":68,"column":16}},"40":{"start":{"line":72,"column":27},"end":{"line":88,"column":1}},"41":{"start":{"line":73,"column":2},"end":{"line":87,"column":3}},"42":{"start":{"line":74,"column":18},"end":{"line":74,"column":39}},"43":{"start":{"line":75,"column":28},"end":{"line":82,"column":5}},"44":{"start":{"line":83,"column":4},"end":{"line":83,"column":48}},"45":{"start":{"line":84,"column":4},"end":{"line":84,"column":11}},"46":{"start":{"line":86,"column":4},"end":{"line":86,"column":16}},"47":{"start":{"line":90,"column":26},"end":{"line":101,"column":1}},"48":{"start":{"line":91,"column":2},"end":{"line":100,"column":3}},"49":{"start":{"line":92,"column":33},"end":{"line":95,"column":6}},"50":{"start":{"line":96,"column":4},"end":{"line":96,"column":51}},"51":{"start":{"line":97,"column":4},"end":{"line":97,"column":11}},"52":{"start":{"line":99,"column":4},"end":{"line":99,"column":16}},"53":{"start":{"line":103,"column":27},"end":{"line":129,"column":1}},"54":{"start":{"line":104,"column":2},"end":{"line":128,"column":3}},"55":{"start":{"line":105,"column":4},"end":{"line":124,"column":7}},"56":{"start":{"line":114,"column":10},"end":{"line":114,"column":13}},"57":{"start":{"line":115,"column":6},"end":{"line":123,"column":8}},"58":{"start":{"line":125,"column":4},"end":{"line":125,"column":11}},"59":{"start":{"line":127,"column":4},"end":{"line":127,"column":16}},"60":{"start":{"line":131,"column":21},"end":{"line":133,"column":1}},"61":{"start":{"line":132,"column":2},"end":{"line":132,"column":49}},"62":{"start":{"line":135,"column":0},"end":{"line":144,"column":2}}},"fnMap":{"0":{"name":"(anonymous_0)","decl":{"start":{"line":10,"column":27},"end":{"line":10,"column":28}},"loc":{"start":{"line":10,"column":53},"end":{"line":18,"column":1}},"line":10},"1":{"name":"(anonymous_1)","decl":{"start":{"line":20,"column":30},"end":{"line":20,"column":31}},"loc":{"start":{"line":20,"column":56},"end":{"line":29,"column":1}},"line":20},"2":{"name":"(anonymous_2)","decl":{"start":{"line":31,"column":21},"end":{"line":31,"column":22}},"loc":{"start":{"line":31,"column":41},"end":{"line":47,"column":1}},"line":31},"3":{"name":"(anonymous_3)","decl":{"start":{"line":49,"column":35},"end":{"line":49,"column":36}},"loc":{"start":{"line":49,"column":61},"end":{"line":70,"column":1}},"line":49},"4":{"name":"(anonymous_4)","decl":{"start":{"line":72,"column":27},"end":{"line":72,"column":28}},"loc":{"start":{"line":72,"column":53},"end":{"line":88,"column":1}},"line":72},"5":{"name":"(anonymous_5)","decl":{"start":{"line":90,"column":26},"end":{"line":90,"column":27}},"loc":{"start":{"line":90,"column":52},"end":{"line":101,"column":1}},"line":90},"6":{"name":"(anonymous_6)","decl":{"start":{"line":103,"column":27},"end":{"line":103,"column":28}},"loc":{"start":{"line":103,"column":47},"end":{"line":129,"column":1}},"line":103},"7":{"name":"(anonymous_7)","decl":{"start":{"line":105,"column":52},"end":{"line":105,"column":53}},"loc":{"start":{"line":105,"column":61},"end":{"line":124,"column":5}},"line":105},"8":{"name":"(anonymous_8)","decl":{"start":{"line":131,"column":21},"end":{"line":131,"column":22}},"loc":{"start":{"line":131,"column":35},"end":{"line":133,"column":1}},"line":131}},"branchMap":{"0":{"loc":{"start":{"line":32,"column":2},"end":{"line":38,"column":3}},"type":"if","locations":[{"start":{"line":32,"column":2},"end":{"line":38,"column":3}},{"start":{"line":32,"column":2},"end":{"line":38,"column":3}}],"line":32},"1":{"loc":{"start":{"line":34,"column":4},"end":{"line":37,"column":5}},"type":"if","locations":[{"start":{"line":34,"column":4},"end":{"line":37,"column":5}},{"start":{"line":34,"column":4},"end":{"line":37,"column":5}}],"line":34},"2":{"loc":{"start":{"line":40,"column":2},"end":{"line":46,"column":3}},"type":"if","locations":[{"start":{"line":40,"column":2},"end":{"line":46,"column":3}},{"start":{"line":40,"column":2},"end":{"line":46,"column":3}}],"line":40},"3":{"loc":{"start":{"line":42,"column":4},"end":{"line":45,"column":5}},"type":"if","locations":[{"start":{"line":42,"column":4},"end":{"line":45,"column":5}},{"start":{"line":42,"column":4},"end":{"line":45,"column":5}}],"line":42}},"s":{"0":1,"1":1,"2":1,"3":1,"4":1,"5":1,"6":1,"7":1,"8":3,"9":3,"10":3,"11":3,"12":0,"13":1,"14":1,"15":1,"16":1,"17":1,"18":1,"19":0,"20":1,"21":5,"22":3,"23":3,"24":1,"25":2,"26":5,"27":2,"28":2,"29":1,"30":1,"31":1,"32":1,"33":1,"34":1,"35":1,"36":1,"37":1,"38":1,"39":0,"40":1,"41":1,"42":1,"43":1,"44":1,"45":1,"46":0,"47":1,"48":1,"49":1,"50":1,"51":1,"52":0,"53":1,"54":7,"55":7,"56":40,"57":40,"58":7,"59":0,"60":1,"61":7,"62":1},"f":{"0":3,"1":1,"2":5,"3":1,"4":1,"5":1,"6":7,"7":40,"8":7},"b":{"0":[3,2],"1":[1,2],"2":[2,3],"3":[1,1]},"_coverageSchema":"1a1c01bbd47fc00a2c39e90264f33305004495a9","hash":"1393678ad5c9b0431fea23388290e61bfb6a4c25"}
,"/Users/faraz/Desktop/My Code Smith Files/1 Code/Coding Challenges/ASimpleNodeAPI/src/JsonValidatorModel/existingCreditorDataSchema.js": {"path":"/Users/faraz/Desktop/My Code Smith Files/1 Code/Coding Challenges/ASimpleNodeAPI/src/JsonValidatorModel/existingCreditorDataSchema.js","statementMap":{"0":{"start":{"line":1,"column":15},"end":{"line":12,"column":1}},"1":{"start":{"line":14,"column":0},"end":{"line":14,"column":24}}},"fnMap":{},"branchMap":{},"s":{"0":1,"1":1},"f":{},"b":{},"_coverageSchema":"1a1c01bbd47fc00a2c39e90264f33305004495a9","hash":"4cda0994c7e3df49688ed502dde3ab4dd667ae87"}
,"/Users/faraz/Desktop/My Code Smith Files/1 Code/Coding Challenges/ASimpleNodeAPI/src/JsonValidatorModel/newCreditorDataSchema.js": {"path":"/Users/faraz/Desktop/My Code Smith Files/1 Code/Coding Challenges/ASimpleNodeAPI/src/JsonValidatorModel/newCreditorDataSchema.js","statementMap":{"0":{"start":{"line":1,"column":15},"end":{"line":18,"column":1}},"1":{"start":{"line":20,"column":0},"end":{"line":20,"column":24}}},"fnMap":{},"branchMap":{},"s":{"0":1,"1":1},"f":{},"b":{},"_coverageSchema":"1a1c01bbd47fc00a2c39e90264f33305004495a9","hash":"432923bc20b884ad15c4d1279cfbb57ac7cfc711"}
,"/Users/faraz/Desktop/My Code Smith Files/1 Code/Coding Challenges/ASimpleNodeAPI/src/Model/creditorDataModel.js": {"path":"/Users/faraz/Desktop/My Code Smith Files/1 Code/Coding Challenges/ASimpleNodeAPI/src/Model/creditorDataModel.js","statementMap":{"0":{"start":{"line":1,"column":17},"end":{"line":1,"column":36}},"1":{"start":{"line":3,"column":19},"end":{"line":3,"column":27}},"2":{"start":{"line":5,"column":27},"end":{"line":12,"column":2}},"3":{"start":{"line":14,"column":21},"end":{"line":14,"column":71}},"4":{"start":{"line":16,"column":0},"end":{"line":16,"column":30}}},"fnMap":{},"branchMap":{},"s":{"0":1,"1":1,"2":1,"3":1,"4":1},"f":{},"b":{},"_coverageSchema":"1a1c01bbd47fc00a2c39e90264f33305004495a9","hash":"a86d295e58c354723ed913458d42030b1d36be3a"}
,"/Users/faraz/Desktop/My Code Smith Files/1 Code/Coding Challenges/ASimpleNodeAPI/src/Router/creditorDataRoute.js": {"path":"/Users/faraz/Desktop/My Code Smith Files/1 Code/Coding Challenges/ASimpleNodeAPI/src/Router/creditorDataRoute.js","statementMap":{"0":{"start":{"line":1,"column":16},"end":{"line":1,"column":34}},"1":{"start":{"line":3,"column":15},"end":{"line":3,"column":31}},"2":{"start":{"line":13,"column":4},"end":{"line":13,"column":51}},"3":{"start":{"line":18,"column":0},"end":{"line":18,"column":77}},"4":{"start":{"line":21,"column":0},"end":{"line":21,"column":70}},"5":{"start":{"line":24,"column":0},"end":{"line":29,"column":2}},"6":{"start":{"line":32,"column":0},"end":{"line":38,"column":2}},"7":{"start":{"line":41,"column":0},"end":{"line":47,"column":2}},"8":{"start":{"line":49,"column":0},"end":{"line":49,"column":24}}},"fnMap":{},"branchMap":{},"s":{"0":1,"1":1,"2":1,"3":1,"4":1,"5":1,"6":1,"7":1,"8":1},"f":{},"b":{},"_coverageSchema":"1a1c01bbd47fc00a2c39e90264f33305004495a9","hash":"e29a388bf496037da34840e9439e77e7a51cb41c"}
}
