TN:
SF:__test__/testDBConfig.js
FN:6,(anonymous_0)
FN:14,(anonymous_1)
FNF:2
FNH:2
FNDA:1,(anonymous_0)
FNDA:1,(anonymous_1)
DA:1,1
DA:2,1
DA:4,1
DA:7,1
DA:8,1
DA:15,1
LF:6
LH:6
BRF:0
BRH:0
end_of_record
TN:
SF:src/app.js
FN:24,(anonymous_0)
FN:33,(anonymous_1)
FNF:2
FNH:0
FNDA:0,(anonymous_0)
FNDA:0,(anonymous_1)
DA:3,1
DA:4,1
DA:5,1
DA:6,1
DA:8,1
DA:9,1
DA:11,1
DA:12,1
DA:15,1
DA:24,1
DA:25,0
DA:33,1
DA:34,0
DA:35,0
DA:42,1
LF:15
LH:12
BRF:0
BRH:0
end_of_record
TN:
SF:src/Controller/creditorDataController.js
FN:10,(anonymous_0)
FN:20,(anonymous_1)
FN:31,(anonymous_2)
FN:49,(anonymous_3)
FN:72,(anonymous_4)
FN:90,(anonymous_5)
FN:103,(anonymous_6)
FN:105,(anonymous_7)
FN:131,(anonymous_8)
FNF:9
FNH:9
FNDA:3,(anonymous_0)
FNDA:1,(anonymous_1)
FNDA:5,(anonymous_2)
FNDA:1,(anonymous_3)
FNDA:1,(anonymous_4)
FNDA:1,(anonymous_5)
FNDA:7,(anonymous_6)
FNDA:40,(anonymous_7)
FNDA:7,(anonymous_8)
DA:1,1
DA:2,1
DA:3,1
DA:4,1
DA:6,1
DA:7,1
DA:8,1
DA:10,1
DA:11,3
DA:12,3
DA:13,3
DA:14,3
DA:16,0
DA:20,1
DA:21,1
DA:22,1
DA:23,1
DA:24,1
DA:25,1
DA:27,0
DA:31,1
DA:32,5
DA:33,3
DA:34,3
DA:36,2
DA:40,5
DA:41,2
DA:42,2
DA:44,1
DA:49,1
DA:50,1
DA:52,1
DA:53,1
DA:54,1
DA:56,1
DA:65,1
DA:66,1
DA:68,0
DA:72,1
DA:73,1
DA:74,1
DA:75,1
DA:83,1
DA:84,1
DA:86,0
DA:90,1
DA:91,1
DA:92,1
DA:96,1
DA:97,1
DA:99,0
DA:103,1
DA:104,7
DA:105,7
DA:114,40
DA:115,40
DA:125,7
DA:127,0
DA:131,1
DA:132,7
DA:135,1
LF:61
LH:55
BRDA:32,0,0,3
BRDA:32,0,1,2
BRDA:34,1,0,1
BRDA:34,1,1,2
BRDA:40,2,0,2
BRDA:40,2,1,3
BRDA:42,3,0,1
BRDA:42,3,1,1
BRF:8
BRH:8
end_of_record
TN:
SF:src/JsonValidatorModel/existingCreditorDataSchema.js
FNF:0
FNH:0
DA:1,1
DA:14,1
LF:2
LH:2
BRF:0
BRH:0
end_of_record
TN:
SF:src/JsonValidatorModel/newCreditorDataSchema.js
FNF:0
FNH:0
DA:1,1
DA:20,1
LF:2
LH:2
BRF:0
BRH:0
end_of_record
TN:
SF:src/Model/creditorDataModel.js
FNF:0
FNH:0
DA:1,1
DA:3,1
DA:5,1
DA:14,1
DA:16,1
LF:5
LH:5
BRF:0
BRH:0
end_of_record
TN:
SF:src/Router/creditorDataRoute.js
FNF:0
FNH:0
DA:1,1
DA:3,1
DA:13,1
DA:18,1
DA:21,1
DA:24,1
DA:32,1
DA:41,1
DA:49,1
LF:9
LH:9
BRF:0
BRH:0
end_of_record
